<?xml version="1.0" encoding="UTF-8"?>
<!-- Generated by org.testng.reporters.JUnitReportReporter -->
<testsuite hostname="Khan" failures="0" tests="3" name="Basic_Automation.DragnDrop" time="3.708" errors="0" timestamp="2021-02-21T16:27:08 EST" skipped="0">
  <testcase classname="Basic_Automation.DragnDrop" name="DraganDdrop" time="2.153"/>
  <system-out/>
  <testcase classname="Basic_Automation.DragnDrop" name="actionbuilder" time="0.606"/>
  <system-out/>
  <testcase classname="Basic_Automation.DragnDrop" name="uppercase" time="0.949"/>
  <system-out/>
</testsuite> <!-- Basic_Automation.DragnDrop -->
