<?xml version="1.0" encoding="UTF-8"?>
<!-- Generated by org.testng.reporters.JUnitReportReporter -->
<testsuite hostname="Khan" failures="0" tests="1" name="Basic_Automation.Dropdown_using_Mouse_action" time="1.788" errors="0" timestamp="2020-12-11T04:08:05 EST" skipped="0">
  <testcase classname="Basic_Automation.Dropdown_using_Mouse_action" name="Mouse_action" time="1.788"/>
  <system-out/>
</testsuite> <!-- Basic_Automation.Dropdown_using_Mouse_action -->
