<?xml version="1.0" encoding="UTF-8"?>
<!-- Generated by org.testng.reporters.JUnitReportReporter -->
<testsuite hostname="Khan" failures="0" tests="1" name="chrome.Authentication" time="3.486" errors="0" timestamp="2021-02-22T19:35:22 EST" skipped="0">
  <testcase classname="chrome.Authentication" name="Authenticating" time="3.486"/>
  <system-out/>
</testsuite> <!-- chrome.Authentication -->
