<?xml version="1.0" encoding="UTF-8"?>
<!-- Generated by org.testng.reporters.JUnitReportReporter -->
<testsuite hostname="Khan" failures="0" tests="1" name="chrome.Screenshot" time="3.230" errors="0" timestamp="2021-02-24T21:08:00 EST" skipped="0">
  <testcase classname="chrome.Screenshot" name="ScreenshotsMethod2" time="3.230"/>
  <system-out/>
</testsuite> <!-- chrome.Screenshot -->
